<?xml version="1.0" encoding="UTF-8"?>
<testng-results ignored="0" total="1" passed="1" failed="0" skipped="0">
  <reporter-output>
  </reporter-output>
  <suite started-at="2025-09-08T16:24:09 AEST" name="Default suite" finished-at="2025-09-08T16:24:14 AEST" duration-ms="5623">
    <groups>
    </groups>
    <test started-at="2025-09-08T16:24:09 AEST" name="Default test" finished-at="2025-09-08T16:24:14 AEST" duration-ms="5623">
      <class name="testCases.TC001_AccountRegistrationTest">
        <test-method is-config="true" signature="setUp()[pri:0, instance:testCases.TC001_AccountRegistrationTest@47af7f3d]" started-at="2025-09-08T16:24:09 AEST" name="setUp" finished-at="2025-09-08T16:24:13 AEST" duration-ms="4002" status="PASS">
          <reporter-output>
          </reporter-output>
        </test-method> <!-- setUp -->
        <test-method signature="verify_Account_Registration()[pri:0, instance:testCases.TC001_AccountRegistrationTest@47af7f3d]" started-at="2025-09-08T16:24:13 AEST" name="verify_Account_Registration" finished-at="2025-09-08T16:24:14 AEST" duration-ms="1462" status="PASS">
          <reporter-output>
          </reporter-output>
        </test-method> <!-- verify_Account_Registration -->
        <test-method is-config="true" signature="tearDown()[pri:0, instance:testCases.TC001_AccountRegistrationTest@47af7f3d]" started-at="2025-09-08T16:24:14 AEST" name="tearDown" finished-at="2025-09-08T16:24:14 AEST" duration-ms="137" status="PASS">
          <reporter-output>
          </reporter-output>
        </test-method> <!-- tearDown -->
      </class> <!-- testCases.TC001_AccountRegistrationTest -->
    </test> <!-- Default test -->
  </suite> <!-- Default suite -->
</testng-results>
