<?xml version="1.0" encoding="UTF-8"?>
<testng-results ignored="0" total="1" passed="1" failed="0" skipped="0">
  <reporter-output>
  </reporter-output>
  <suite started-at="2025-09-08T22:37:28 AEST" name="Default suite" finished-at="2025-09-08T22:37:37 AEST" duration-ms="9365">
    <groups>
    </groups>
    <test started-at="2025-09-08T22:37:28 AEST" name="Default test" finished-at="2025-09-08T22:37:37 AEST" duration-ms="9365">
      <class name="testCases.TC001_AccountRegistrationTest">
        <test-method is-config="true" signature="setUp()[pri:0, instance:testCases.TC001_AccountRegistrationTest@3bb9a3ff]" started-at="2025-09-08T22:37:28 AEST" name="setUp" finished-at="2025-09-08T22:37:34 AEST" duration-ms="6161" status="PASS">
          <reporter-output>
          </reporter-output>
        </test-method> <!-- setUp -->
        <test-method signature="verify_Account_Registration()[pri:0, instance:testCases.TC001_AccountRegistrationTest@3bb9a3ff]" started-at="2025-09-08T22:37:34 AEST" name="verify_Account_Registration" finished-at="2025-09-08T22:37:37 AEST" duration-ms="3001" status="PASS">
          <reporter-output>
          </reporter-output>
        </test-method> <!-- verify_Account_Registration -->
        <test-method is-config="true" signature="tearDown()[pri:0, instance:testCases.TC001_AccountRegistrationTest@3bb9a3ff]" started-at="2025-09-08T22:37:37 AEST" name="tearDown" finished-at="2025-09-08T22:37:37 AEST" duration-ms="160" status="PASS">
          <reporter-output>
          </reporter-output>
        </test-method> <!-- tearDown -->
      </class> <!-- testCases.TC001_AccountRegistrationTest -->
    </test> <!-- Default test -->
  </suite> <!-- Default suite -->
</testng-results>
